<?xml version="1.0" encoding="UTF-8"?>
<!-- Generated by org.testng.reporters.JUnitReportReporter -->
<testsuite skipped="0" hostname="Rushas-MacBook-Air.local" name="testNG.NewsPortalTest" tests="4" failures="0" timestamp="04 Oct 2017 22:08:28 GMT" time="38.441" errors="0">
  <testcase name="login" time="7.682" classname="testNG.NewsPortalTest"/>
  <testcase name="navigate_back" time="6.853" classname="testNG.NewsPortalTest"/>
  <testcase name="sport_page" time="6.755" classname="testNG.NewsPortalTest"/>
  <testcase name="brouse_news_portal" time="17.151" classname="testNG.NewsPortalTest"/>
</testsuite> <!-- testNG.NewsPortalTest -->
