<?xml version="1.0" encoding="UTF-8"?>
<!-- Generated by org.testng.reporters.JUnitReportReporter -->
<testsuite skipped="0" hostname="Rushas-MacBook-Air.local" name="testNG.NewTest" tests="2" failures="0" timestamp="04 Oct 2017 16:30:00 GMT" time="39.892" errors="0">
  <testcase name="next" time="0.001" classname="testNG.NewTest"/>
  <testcase name="f1" time="39.891" classname="testNG.NewTest"/>
</testsuite> <!-- testNG.NewTest -->
